<?xml version="1.0" encoding="UTF-8"?>
<!-- Generated by org.testng.reporters.JUnitXMLReporter -->
<testsuite ignored="0" hostname="INLEN8520028254" failures="0" tests="0" name="Gmail" time="0.269" errors="0" timestamp="2022-05-03T23:35:00 IST">
  <testcase classname="io.cucumber.testng.AbstractTestNGCucumberTests" name="@BeforeClass setUpClass" time="0.236">
    <failure type="java.lang.IllegalArgumentException" message="path must exist: C:\Users\ADARSPAN\eclipse-workspace\GmailCheck\.\Features\demo.feature">
      <![CDATA[java.lang.IllegalArgumentException: path must exist: C:\Users\ADARSPAN\eclipse-workspace\GmailCheck\.\Features\demo.feature
at io.cucumber.core.resource.PathScanner.findResourcesForPath(PathScanner.java:49)
at io.cucumber.core.resource.PathScanner.findResourcesForUri(PathScanner.java:31)
at io.cucumber.core.resource.ResourceScanner.findResourcesForUri(ResourceScanner.java:61)
at io.cucumber.core.resource.ResourceScanner.scanForResourcesUri(ResourceScanner.java:134)
at io.cucumber.core.runtime.FeaturePathFeatureSupplier.loadFeatures(FeaturePathFeatureSupplier.java:62)
at io.cucumber.core.runtime.FeaturePathFeatureSupplier.get(FeaturePathFeatureSupplier.java:45)
at io.cucumber.testng.TestNGCucumberRunner.<init>(TestNGCucumberRunner.java:122)
at io.cucumber.testng.AbstractTestNGCucumberTests.setUpClass(AbstractTestNGCucumberTests.java:27)
at java.base/java.util.ArrayList.forEach(ArrayList.java:1511)
... Removed 25 stack frames]]>
    </failure>
  </testcase> <!-- @BeforeClass setUpClass -->
</testsuite> <!-- Gmail -->
